
> vibe-generated-app@1.0.0 dev
> vite


  VITE v5.4.20  ready in 234 ms

  ➜  Local:   http://localhost:3000/
  ➜  Network: http://172.20.24.179:3000/
Files in the public directory are served at the root path.
Instead of /public/script.js, use /script.js.
Files in the public directory are served at the root path.
Instead of /public/styles.css, use /styles.css.
Files in the public directory are served at the root path.
Instead of /public/home.html, use /home.html.
Files in the public directory are served at the root path.
Instead of /public/styles.css, use /styles.css.
Files in the public directory are served at the root path.
Instead of /public/menu.html, use /menu.html.
Files in the public directory are served at the root path.
Instead of /public/styles.css, use /styles.css.
Files in the public directory are served at the root path.
Instead of /public/orders.html, use /orders.html.
Files in the public directory are served at the root path.
Instead of /public/styles.css, use /styles.css.
Files in the public directory are served at the root path.
Instead of /public/menu.html, use /menu.html.
Files in the public directory are served at the root path.
Instead of /public/styles.css, use /styles.css.
Files in the public directory are served at the root path.
Instead of /public/styles.css, use /styles.css.
